#
# There is insufficient memory for the Java Runtime Environment to continue.
# Native memory allocation (malloc) failed to allocate 131088 bytes for Chunk::new
# Possible reasons:
#   The system is out of physical RAM or swap space
#   The process is running with CompressedOops enabled, and the Java Heap may be blocking the growth of the native heap
# Possible solutions:
#   Reduce memory load on the system
#   Increase physical memory or swap space
#   Check if swap backing store is full
#   Decrease Java heap size (-Xmx/-Xms)
#   Decrease number of Java threads
#   Decrease Java thread stack sizes (-Xss)
#   Set larger code cache with -XX:ReservedCodeCacheSize=
#   JVM is running with Unscaled Compressed Oops mode in which the Java heap is
#     placed in the first 4GB address space. The Java Heap base address is the
#     maximum limit for the native heap growth. Please use -XX:HeapBaseMinAddress
#     to set the Java Heap base and to place the Java Heap above 4GB virtual address.
# This output file may be truncated or incomplete.
#
#  Out of Memory Error (allocation.cpp:389), pid=7220, tid=0x0000000000000d8c
#
# JRE version: OpenJDK Runtime Environment (8.0_212-b04) (build 1.8.0_212-release-1586-b04)
# Java VM: OpenJDK 64-Bit Server VM (25.212-b04 mixed mode windows-amd64 compressed oops)
# Failed to write core dump. Minidumps are not enabled by default on client versions of Windows
#

---------------  T H R E A D  ---------------

Current thread (0x0000000056106000):  JavaThread "C2 CompilerThread0" daemon [_thread_in_native, id=3468, stack(0x0000000057340000,0x0000000057440000)]

Stack: [0x0000000057340000,0x0000000057440000]
[error occurred during error reporting (printing stack bounds), id 0xc0000005]

Native frames: (J=compiled Java code, j=interpreted, Vv=VM code, C=native code)


Current CompileTask:
C2:4509107 25286   !   4       java.io.ObjectOutputStream::writeObject0 (619 bytes)


---------------  P R O C E S S  ---------------

Java Threads: ( => current thread )
  0x0000000069568800 JavaThread "Cache worker for execution history cache (C:\Users\bhavik\AndroidStudioProjects\Unique\.gradle\5.6.4\executionHistory)" [_thread_blocked, id=7392, stack(0x000000006acf0000,0x000000006adf0000)]
  0x000000006956a000 JavaThread "Execution worker for ':'" [_thread_in_native, id=8076, stack(0x000000006a3d0000,0x000000006a4d0000)]
  0x000000005812f800 JavaThread "Cache worker for file content cache (C:\Users\bhavik\AndroidStudioProjects\Unique\.gradle\5.6.4\fileContent)" [_thread_blocked, id=5260, stack(0x000000005d180000,0x000000005d280000)]
  0x0000000058132800 JavaThread "Cache worker for Build Output Cleanup Cache (C:\Users\bhavik\AndroidStudioProjects\Unique\.gradle\buildOutputCleanup)" [_thread_blocked, id=7476, stack(0x000000006a170000,0x000000006a270000)]
  0x000000005812e800 JavaThread "pool-23-thread-1" [_thread_blocked, id=7064, stack(0x0000000061940000,0x0000000061a40000)]
  0x0000000058133000 JavaThread "Build operations Thread 2" [_thread_blocked, id=6688, stack(0x0000000057210000,0x0000000057310000)]
  0x0000000058131800 JavaThread "Build operations" [_thread_blocked, id=5232, stack(0x00000000613a0000,0x00000000614a0000)]
  0x000000005812c800 JavaThread "Cache worker for cache directory md-rule (C:\Users\bhavik\.gradle\caches\5.6.4\md-rule)" [_thread_blocked, id=7564, stack(0x0000000060e30000,0x0000000060f30000)]
  0x0000000063192800 JavaThread "Cache worker for cache directory md-supplier (C:\Users\bhavik\.gradle\caches\5.6.4\md-supplier)" [_thread_blocked, id=4868, stack(0x000000005eec0000,0x000000005efc0000)]
  0x0000000063193000 JavaThread "Cache worker for file hash cache (C:\Users\bhavik\AndroidStudioProjects\Unique\.gradle\5.6.4\fileHashes)" [_thread_blocked, id=5620, stack(0x000000005be70000,0x000000005bf70000)]
  0x0000000063194000 JavaThread "Thread-190" [_thread_in_native, id=1144, stack(0x000000005deb0000,0x000000005dfb0000)]
  0x0000000063191800 JavaThread "Stdin handler" [_thread_blocked, id=5824, stack(0x000000005a510000,0x000000005a610000)]
  0x000000005b5c6000 JavaThread "Asynchronous log dispatcher for DefaultDaemonConnection: socket connection from /127.0.0.1:55203 to /127.0.0.1:55971" [_thread_blocked, id=6952, stack(0x000000005a3f0000,0x000000005a4f0000)]
  0x000000005b5c0800 JavaThread "Daemon worker Thread 9" [_thread_blocked, id=7344, stack(0x000000005a280000,0x000000005a380000)]
  0x000000005b5c0000 JavaThread "Cancel handler" [_thread_blocked, id=7636, stack(0x0000000059730000,0x0000000059830000)]
  0x000000005b5c3000 JavaThread "Handler for socket connection from /127.0.0.1:55203 to /127.0.0.1:55971" [_thread_in_native, id=7600, stack(0x000000005a100000,0x000000005a200000)]
  0x000000005b5c2000 JavaThread "Daemon Thread 9" [_thread_blocked, id=5752, stack(0x0000000059b80000,0x0000000059c80000)]
  0x000000005812e000 JavaThread "Cache worker for Java compile cache (C:\Users\bhavik\.gradle\caches\5.6.4\javaCompile)" [_thread_blocked, id=5528, stack(0x0000000061ac0000,0x0000000061bc0000)]
  0x000000005b5c5000 JavaThread "Cache worker for file content cache (C:\Users\bhavik\.gradle\caches\5.6.4\fileContent)" [_thread_blocked, id=6464, stack(0x000000005e330000,0x000000005e430000)]
  0x000000005b5c4800 JavaThread "Memory manager" [_thread_blocked, id=5872, stack(0x0000000060ce0000,0x0000000060de0000)]
  0x000000005b5bf000 JavaThread "Cache worker for execution history cache (C:\Users\bhavik\.gradle\caches\5.6.4\executionHistory)" [_thread_blocked, id=7788, stack(0x000000005e030000,0x000000005e130000)]
  0x0000000058551000 JavaThread "Cache worker for journal cache (C:\Users\bhavik\.gradle\caches\journal-1)" [_thread_blocked, id=6128, stack(0x000000005ad50000,0x000000005ae50000)]
  0x0000000058550800 JavaThread "File lock request listener" [_thread_in_native, id=5520, stack(0x000000005ab40000,0x000000005ac40000)]
  0x00000000590bb800 JavaThread "Cache worker for file hash cache (C:\Users\bhavik\.gradle\caches\5.6.4\fileHashes)" [_thread_blocked, id=7424, stack(0x000000005a9e0000,0x000000005aae0000)]
  0x0000000058313800 JavaThread "Daemon periodic checks" [_thread_blocked, id=7456, stack(0x0000000059a60000,0x0000000059b60000)]
  0x0000000058a09800 JavaThread "Incoming local TCP Connector on port 55203" [_thread_in_native, id=2972, stack(0x0000000059870000,0x0000000059970000)]
  0x00000000585de800 JavaThread "Daemon health stats" [_thread_blocked, id=6680, stack(0x00000000583c0000,0x00000000584c0000)]
  0x0000000057450800 JavaThread "Service Thread" daemon [_thread_blocked, id=2664, stack(0x0000000057970000,0x0000000057a70000)]
  0x000000005610c000 JavaThread "C1 CompilerThread1" daemon [_thread_blocked, id=3216, stack(0x0000000056fd0000,0x00000000570d0000)]
=>0x0000000056106000 JavaThread "C2 CompilerThread0" daemon [_thread_in_native, id=3468, stack(0x0000000057340000,0x0000000057440000)]
  0x0000000056112000 JavaThread "Attach Listener" daemon [_thread_blocked, id=8004, stack(0x00000000570f0000,0x00000000571f0000)]
  0x0000000056110800 JavaThread "Signal Dispatcher" daemon [_thread_blocked, id=1752, stack(0x0000000056e70000,0x0000000056f70000)]
  0x00000000560ed800 JavaThread "Finalizer" daemon [_thread_blocked, id=6956, stack(0x0000000056c80000,0x0000000056d80000)]
  0x00000000560e4800 JavaThread "Reference Handler" daemon [_thread_blocked, id=7608, stack(0x0000000056a80000,0x0000000056b80000)]
  0x000000000220e800 JavaThread "main" [_thread_blocked, id=7404, stack(0x0000000002500000,0x0000000002600000)]

Other Threads:
  0x000000005609c800 VMThread [stack: 0x0000000056980000,0x0000000056a80000] [id=4376]
  0x0000000057451000 WatcherThread [stack: 0x0000000057a90000,0x0000000057b90000] [id=6556]

VM state:not at safepoint (normal execution)

VM Mutex/Monitor currently owned by a thread: None

heap address: 0x00000000a0000000, size: 1536 MB, Compressed Oops mode: 32-bit
Narrow klass base: 0x0000000000000000, Narrow klass shift: 0
Compressed class space size: 1073741824 Address: 0x0000000015770000

Heap:
 PSYoungGen      total 390656K, used 386044K [0x00000000e0000000, 0x0000000100000000, 0x0000000100000000)
  eden space 304128K, 98% used [0x00000000e0000000,0x00000000f2482b48,0x00000000f2900000)
  from space 86528K, 99% used [0x00000000fa880000,0x00000000ffcfc670,0x00000000ffd00000)
  to   space 110080K, 0% used [0x00000000f2900000,0x00000000f2900000,0x00000000f9480000)
 ParOldGen       total 273408K, used 193608K [0x00000000a0000000, 0x00000000b0b00000, 0x00000000e0000000)
  object space 273408K, 70% used [0x00000000a0000000,0x00000000abd12370,0x00000000b0b00000)
 Metaspace       used 103160K, capacity 109477K, committed 109656K, reserved 1144832K
  class space    used 13172K, capacity 14307K, committed 14424K, reserved 1048576K

Card table byte_map: [0x0000000011c90000,0x0000000011fa0000] byte_map_base: 0x0000000011790000

Marking Bits: (ParMarkBitMap*) 0x00000000656c9f30
 Begin Bits: [0x0000000012470000, 0x0000000013c70000)
 End Bits:   [0x0000000013c70000, 0x0000000015470000)

Polling page: 0x0000000000130000

CodeCache: size=245760Kb used=68592Kb max_used=68614Kb free=177167Kb
 bounds [0x00000000028d0000, 0x0000000006c40000, 0x00000000118d0000]
 total_blobs=20360 nmethods=19453 adapters=819
 compilation: enabled

Compilation events (10 events):
Event: 4507.618 Thread 0x000000005610c000 nmethod 25284 0x0000000006c2c1d0 code [0x0000000006c2c360, 0x0000000006c2c668]
Event: 4507.655 Thread 0x0000000056106000 25285       4       com.sun.org.apache.xerces.internal.impl.XMLDocumentFragmentScannerImpl$ElementStack2::<init> (59 bytes)
Event: 4507.667 Thread 0x0000000056106000 nmethod 25285 0x0000000006c2d810 code [0x0000000006c2d980, 0x0000000006c2dd18]
Event: 4507.945 Thread 0x0000000056106000 25286   !   4       java.io.ObjectOutputStream::writeObject0 (619 bytes)
Event: 4508.131 Thread 0x000000005610c000 25287       1       org.gradle.api.internal.AbstractTask::getIdentityPath (8 bytes)
Event: 4508.132 Thread 0x000000005610c000 nmethod 25287 0x00000000054d0bd0 code [0x00000000054d0d20, 0x00000000054d0e30]
Event: 4508.186 Thread 0x000000005610c000 25288   !   3       org.gradle.api.internal.tasks.properties.GetInputPropertiesVisitor::lambda$getPropertyValuesSupplier$0 (108 bytes)
Event: 4508.215 Thread 0x000000005610c000 nmethod 25288 0x0000000003b64210 code [0x0000000003b64560, 0x0000000003b662e8]
Event: 4508.232 Thread 0x000000005610c000 25289       3       org.gradle.api.internal.tasks.execution.ExecuteActionsTaskExecuter$TaskExecution::visitInputProperties (90 bytes)
Event: 4508.234 Thread 0x000000005610c000 nmethod 25289 0x0000000003b62fd0 code [0x0000000003b63200, 0x0000000003b63d98]

GC Heap History (10 events):
Event: 3328.080 GC heap before
{Heap before GC invocations=25 (full 5):
 PSYoungGen      total 436736K, used 377006K [0x00000000e0000000, 0x0000000100000000, 0x0000000100000000)
  eden space 349184K, 100% used [0x00000000e0000000,0x00000000f5500000,0x00000000f5500000)
  from space 87552K, 31% used [0x00000000f5500000,0x00000000f702b8a8,0x00000000faa80000)
  to   space 82944K, 0% used [0x00000000faf00000,0x00000000faf00000,0x0000000100000000)
 ParOldGen       total 273408K, used 150162K [0x00000000a0000000, 0x00000000b0b00000, 0x00000000e0000000)
  object space 273408K, 54% used [0x00000000a0000000,0x00000000a92a4960,0x00000000b0b00000)
 Metaspace       used 101135K, capacity 106201K, committed 106456K, reserved 1142784K
  class space    used 12950K, capacity 13935K, committed 14040K, reserved 1048576K
Event: 3328.670 GC heap after
Heap after GC invocations=25 (full 5):
 PSYoungGen      total 418816K, used 76099K [0x00000000e0000000, 0x0000000100000000, 0x0000000100000000)
  eden space 335872K, 0% used [0x00000000e0000000,0x00000000e0000000,0x00000000f4800000)
  from space 82944K, 91% used [0x00000000faf00000,0x00000000ff950e40,0x0000000100000000)
  to   space 94208K, 0% used [0x00000000f4800000,0x00000000f4800000,0x00000000fa400000)
 ParOldGen       total 273408K, used 169040K [0x00000000a0000000, 0x00000000b0b00000, 0x00000000e0000000)
  object space 273408K, 61% used [0x00000000a0000000,0x00000000aa514360,0x00000000b0b00000)
 Metaspace       used 101135K, capacity 106201K, committed 106456K, reserved 1142784K
  class space    used 12950K, capacity 13935K, committed 14040K, reserved 1048576K
}
Event: 3510.370 GC heap before
{Heap before GC invocations=26 (full 5):
 PSYoungGen      total 418816K, used 411971K [0x00000000e0000000, 0x0000000100000000, 0x0000000100000000)
  eden space 335872K, 100% used [0x00000000e0000000,0x00000000f4800000,0x00000000f4800000)
  from space 82944K, 91% used [0x00000000faf00000,0x00000000ff950e40,0x0000000100000000)
  to   space 94208K, 0% used [0x00000000f4800000,0x00000000f4800000,0x00000000fa400000)
 ParOldGen       total 273408K, used 169040K [0x00000000a0000000, 0x00000000b0b00000, 0x00000000e0000000)
  object space 273408K, 61% used [0x00000000a0000000,0x00000000aa514360,0x00000000b0b00000)
 Metaspace       used 101343K, capacity 106653K, committed 106968K, reserved 1142784K
  class space    used 12968K, capacity 13967K, committed 14040K, reserved 1048576K
Event: 3510.461 GC heap after
Heap after GC invocations=26 (full 5):
 PSYoungGen      total 430080K, used 19962K [0x00000000e0000000, 0x0000000100000000, 0x0000000100000000)
  eden space 335872K, 0% used [0x00000000e0000000,0x00000000e0000000,0x00000000f4800000)
  from space 94208K, 21% used [0x00000000f4800000,0x00000000f5b7e9b8,0x00000000fa400000)
  to   space 91136K, 0% used [0x00000000fa700000,0x00000000fa700000,0x0000000100000000)
 ParOldGen       total 273408K, used 170108K [0x00000000a0000000, 0x00000000b0b00000, 0x00000000e0000000)
  object space 273408K, 62% used [0x00000000a0000000,0x00000000aa61f230,0x00000000b0b00000)
 Metaspace       used 101343K, capacity 106653K, committed 106968K, reserved 1142784K
  class space    used 12968K, capacity 13967K, committed 14040K, reserved 1048576K
}
Event: 3652.620 GC heap before
{Heap before GC invocations=27 (full 5):
 PSYoungGen      total 430080K, used 355834K [0x00000000e0000000, 0x0000000100000000, 0x0000000100000000)
  eden space 335872K, 100% used [0x00000000e0000000,0x00000000f4800000,0x00000000f4800000)
  from space 94208K, 21% used [0x00000000f4800000,0x00000000f5b7e9b8,0x00000000fa400000)
  to   space 91136K, 0% used [0x00000000fa700000,0x00000000fa700000,0x0000000100000000)
 ParOldGen       total 273408K, used 170108K [0x00000000a0000000, 0x00000000b0b00000, 0x00000000e0000000)
  object space 273408K, 62% used [0x00000000a0000000,0x00000000aa61f230,0x00000000b0b00000)
 Metaspace       used 101646K, capacity 106953K, committed 107224K, reserved 1142784K
  class space    used 12983K, capacity 13993K, committed 14040K, reserved 1048576K
Event: 3652.751 GC heap after
Heap after GC invocations=27 (full 5):
 PSYoungGen      total 424960K, used 9029K [0x00000000e0000000, 0x00000000ffb00000, 0x0000000100000000)
  eden space 338944K, 0% used [0x00000000e0000000,0x00000000e0000000,0x00000000f4b00000)
  from space 86016K, 10% used [0x00000000fa700000,0x00000000fafd1658,0x00000000ffb00000)
  to   space 90112K, 0% used [0x00000000f4b00000,0x00000000f4b00000,0x00000000fa300000)
 ParOldGen       total 273408K, used 170116K [0x00000000a0000000, 0x00000000b0b00000, 0x00000000e0000000)
  object space 273408K, 62% used [0x00000000a0000000,0x00000000aa621230,0x00000000b0b00000)
 Metaspace       used 101646K, capacity 106953K, committed 107224K, reserved 1142784K
  class space    used 12983K, capacity 13993K, committed 14040K, reserved 1048576K
}
Event: 3897.803 GC heap before
{Heap before GC invocations=28 (full 5):
 PSYoungGen      total 424960K, used 347973K [0x00000000e0000000, 0x00000000ffb00000, 0x0000000100000000)
  eden space 338944K, 100% used [0x00000000e0000000,0x00000000f4b00000,0x00000000f4b00000)
  from space 86016K, 10% used [0x00000000fa700000,0x00000000fafd1658,0x00000000ffb00000)
  to   space 90112K, 0% used [0x00000000f4b00000,0x00000000f4b00000,0x00000000fa300000)
 ParOldGen       total 273408K, used 170116K [0x00000000a0000000, 0x00000000b0b00000, 0x00000000e0000000)
  object space 273408K, 62% used [0x00000000a0000000,0x00000000aa621230,0x00000000b0b00000)
 Metaspace       used 102585K, capacity 108689K, committed 108760K, reserved 1144832K
  class space    used 13118K, capacity 14239K, committed 14296K, reserved 1048576K
Event: 3897.915 GC heap after
Heap after GC invocations=28 (full 5):
 PSYoungGen      total 429056K, used 18413K [0x00000000e0000000, 0x00000000ffd00000, 0x0000000100000000)
  eden space 338944K, 0% used [0x00000000e0000000,0x00000000e0000000,0x00000000f4b00000)
  from space 90112K, 20% used [0x00000000f4b00000,0x00000000f5cfb758,0x00000000fa300000)
  to   space 86528K, 0% used [0x00000000fa880000,0x00000000fa880000,0x00000000ffd00000)
 ParOldGen       total 273408K, used 170124K [0x00000000a0000000, 0x00000000b0b00000, 0x00000000e0000000)
  object space 273408K, 62% used [0x00000000a0000000,0x00000000aa623230,0x00000000b0b00000)
 Metaspace       used 102585K, capacity 108689K, committed 108760K, reserved 1144832K
  class space    used 13118K, capacity 14239K, committed 14296K, reserved 1048576K
}
Event: 3907.187 GC heap before
{Heap before GC invocations=29 (full 5):
 PSYoungGen      total 429056K, used 357357K [0x00000000e0000000, 0x00000000ffd00000, 0x0000000100000000)
  eden space 338944K, 100% used [0x00000000e0000000,0x00000000f4b00000,0x00000000f4b00000)
  from space 90112K, 20% used [0x00000000f4b00000,0x00000000f5cfb758,0x00000000fa300000)
  to   space 86528K, 0% used [0x00000000fa880000,0x00000000fa880000,0x00000000ffd00000)
 ParOldGen       total 273408K, used 170124K [0x00000000a0000000, 0x00000000b0b00000, 0x00000000e0000000)
  object space 273408K, 62% used [0x00000000a0000000,0x00000000aa623230,0x00000000b0b00000)
 Metaspace       used 102697K, capacity 108921K, committed 109144K, reserved 1144832K
  class space    used 13134K, capacity 14267K, committed 14424K, reserved 1048576K
Event: 3908.002 GC heap after
Heap after GC invocations=29 (full 5):
 PSYoungGen      total 390656K, used 86513K [0x00000000e0000000, 0x0000000100000000, 0x0000000100000000)
  eden space 304128K, 0% used [0x00000000e0000000,0x00000000e0000000,0x00000000f2900000)
  from space 86528K, 99% used [0x00000000fa880000,0x00000000ffcfc670,0x00000000ffd00000)
  to   space 110080K, 0% used [0x00000000f2900000,0x00000000f2900000,0x00000000f9480000)
 ParOldGen       total 273408K, used 193608K [0x00000000a0000000, 0x00000000b0b00000, 0x00000000e0000000)
  object space 273408K, 70% used [0x00000000a0000000,0x00000000abd12370,0x00000000b0b00000)
 Metaspace       used 102697K, capacity 108921K, committed 109144K, reserved 1144832K
  class space    used 13134K, capacity 14267K, committed 14424K, reserved 1048576K
}

Deoptimization events (10 events):
Event: 4351.846 Thread 0x000000005b5c3000 Uncommon trap: reason=class_check action=maybe_recompile pc=0x000000000525dd38 method=org.gradle.internal.logging.text.AbstractLineChoppingStyledTextOutput$StateContext.flushLineText()V @ 110
Event: 4351.849 Thread 0x000000005b5c3000 Uncommon trap: reason=unstable_if action=reinterpret pc=0x0000000002cf0de4 method=org.gradle.internal.logging.text.AbstractLineChoppingStyledTextOutput$2.execute(Lorg/gradle/internal/logging/text/AbstractLineChoppingStyledTextOutput$StateContext;)V @ 30
Event: 4351.852 Thread 0x000000005b5c3000 Uncommon trap: reason=unstable_if action=reinterpret pc=0x0000000002cf04c4 method=org.gradle.internal.logging.text.AbstractLineChoppingStyledTextOutput$2.execute(Lorg/gradle/internal/logging/text/AbstractLineChoppingStyledTextOutput$StateContext;)V @ 30
Event: 4351.920 Thread 0x000000005b5c3000 Uncommon trap: reason=unstable_if action=reinterpret pc=0x0000000003d2366c method=org.gradle.internal.serialize.ExceptionReplacingObjectOutputStream.doReplaceObject(Ljava/lang/Object;)Ljava/lang/Object; @ 4
Event: 4352.075 Thread 0x000000005b5c3000 Uncommon trap: reason=class_check action=maybe_recompile pc=0x0000000002aab4d0 method=java.lang.String.equals(Ljava/lang/Object;)Z @ 8
Event: 4352.075 Thread 0x000000005b5c3000 Uncommon trap: reason=class_check action=maybe_recompile pc=0x0000000002aab4d0 method=java.lang.String.equals(Ljava/lang/Object;)Z @ 8
Event: 4352.075 Thread 0x000000005b5c3000 Uncommon trap: reason=class_check action=maybe_recompile pc=0x0000000002aab4d0 method=java.lang.String.equals(Ljava/lang/Object;)Z @ 8
Event: 4352.075 Thread 0x000000005b5c3000 Uncommon trap: reason=class_check action=maybe_recompile pc=0x0000000002aab4d0 method=java.lang.String.equals(Ljava/lang/Object;)Z @ 8
Event: 4352.086 Thread 0x000000005b5c3000 Uncommon trap: reason=unstable_if action=reinterpret pc=0x000000000574beb0 method=java.util.AbstractList.equals(Ljava/lang/Object;)Z @ 11
Event: 4352.141 Thread 0x000000005b5c3000 Uncommon trap: reason=unstable_if action=reinterpret pc=0x0000000005931670 method=java.io.ObjectOutputStream.writeObject0(Ljava/lang/Object;Z)V @ 498

Classes redefined (0 events):
No events

Internal exceptions (10 events):
Event: 3915.790 Thread 0x000000005b5c0000 Exception <a 'sun/nio/fs/WindowsException'> (0x00000000e28ef940) thrown at [D:\src\AOSP-openjdk-cygwin\jdk8u\hotspot\src\share\vm\prims\jni.cpp, line 710]
Event: 3915.837 Thread 0x000000005b5c0000 Exception <a 'sun/nio/fs/WindowsException'> (0x00000000e28f1230) thrown at [D:\src\AOSP-openjdk-cygwin\jdk8u\hotspot\src\share\vm\prims\jni.cpp, line 710]
Event: 4071.822 Thread 0x000000005b5c3000 Exception <a 'sun/nio/fs/WindowsException'> (0x00000000e39b3720) thrown at [D:\src\AOSP-openjdk-cygwin\jdk8u\hotspot\src\share\vm\prims\jni.cpp, line 710]
Event: 4349.570 Thread 0x0000000069567800 Exception <a 'java/io/IOException'> (0x00000000ebf95ed0) thrown at [D:\src\AOSP-openjdk-cygwin\jdk8u\hotspot\src\share\vm\prims\jni.cpp, line 710]
Event: 4349.720 Thread 0x000000006956a000 Exception <a 'java/lang/reflect/InvocationTargetException'> (0x00000000ebca9e68) thrown at [D:\src\AOSP-openjdk-cygwin\jdk8u\hotspot\src\share\vm\runtime\reflection.cpp, line 1092]
Event: 4350.461 Thread 0x000000005b32d000 Exception <a 'java/lang/NoSuchMethodError': <clinit>> (0x00000000ec10d9a0) thrown at [D:\src\AOSP-openjdk-cygwin\jdk8u\hotspot\src\share\vm\prims\jni.cpp, line 1614]
Event: 4350.465 Thread 0x000000005b32d000 Exception <a 'java/lang/NoSuchMethodError': <clinit>> (0x00000000ec395cc0) thrown at [D:\src\AOSP-openjdk-cygwin\jdk8u\hotspot\src\share\vm\prims\jni.cpp, line 1614]
Event: 4351.349 Thread 0x000000005b5c3000 Exception <a 'sun/nio/fs/WindowsException'> (0x00000000ec3f6fc8) thrown at [D:\src\AOSP-openjdk-cygwin\jdk8u\hotspot\src\share\vm\prims\jni.cpp, line 710]
Event: 4351.436 Thread 0x000000005b5c3000 Exception <a 'sun/nio/fs/WindowsException'> (0x00000000ec3f8d88) thrown at [D:\src\AOSP-openjdk-cygwin\jdk8u\hotspot\src\share\vm\prims\jni.cpp, line 710]
Event: 4500.713 Thread 0x000000005b5c0800 Exception <a 'sun/nio/fs/WindowsException'> (0x00000000ed3bead0) thrown at [D:\src\AOSP-openjdk-cygwin\jdk8u\hotspot\src\share\vm\prims\jni.cpp, line 710]

Events (10 events):
Event: 4507.164 Thread 0x0000000056106000 flushing nmethod 0x00000000032d3e50
Event: 4507.165 Thread 0x0000000056106000 flushing nmethod 0x00000000033a0bd0
Event: 4507.251 Thread 0x0000000056106000 flushing nmethod 0x0000000003b28110
Event: 4507.252 Thread 0x0000000056106000 flushing nmethod 0x0000000003b62e50
Event: 4507.252 Thread 0x0000000056106000 flushing nmethod 0x0000000003b6dd10
Event: 4507.252 Thread 0x0000000056106000 flushing nmethod 0x0000000003b8ad10
Event: 4507.252 Thread 0x0000000056106000 flushing nmethod 0x0000000003b8ee90
Event: 4507.252 Thread 0x0000000056106000 flushing nmethod 0x0000000003ba1a10
Event: 4507.252 Thread 0x0000000056106000 flushing nmethod 0x0000000003ba2b10
Event: 4507.671 Thread 0x0000000056106000 flushing nmethod 0x00000000040a0210


Dynamic libraries:
0x000000013f690000 - 0x000000013f6c1000 	C:\Program Files\Android\Android Studio1\jre\bin\java.exe
0x00000000776f0000 - 0x000000007788f000 	C:\Windows\SYSTEM32\ntdll.dll
0x00000000775d0000 - 0x00000000776ef000 	C:\Windows\system32\kernel32.dll
0x000007fefd590000 - 0x000007fefd5f7000 	C:\Windows\system32\KERNELBASE.dll
0x000007fefd720000 - 0x000007fefd7fb000 	C:\Windows\system32\ADVAPI32.dll
0x000007fefefc0000 - 0x000007feff05f000 	C:\Windows\system32\msvcrt.dll
0x000007fefd880000 - 0x000007fefd89f000 	C:\Windows\SYSTEM32\sechost.dll
0x000007feff6d0000 - 0x000007feff7fc000 	C:\Windows\system32\RPCRT4.dll
0x00000000774d0000 - 0x00000000775cb000 	C:\Windows\system32\USER32.dll
0x000007fefe870000 - 0x000007fefe8d7000 	C:\Windows\system32\GDI32.dll
0x000007feff260000 - 0x000007feff26e000 	C:\Windows\system32\LPK.dll
0x000007fefd600000 - 0x000007fefd6cb000 	C:\Windows\system32\USP10.dll
0x000007fefbde0000 - 0x000007fefbfd5000 	C:\Windows\WinSxS\amd64_microsoft.windows.common-controls_6595b64144ccf1df_6.0.7601.24483_none_e372d88f30fbb845\COMCTL32.dll
0x000007fefd800000 - 0x000007fefd871000 	C:\Windows\system32\SHLWAPI.dll
0x000007fefef90000 - 0x000007fefefbe000 	C:\Windows\system32\IMM32.DLL
0x000007feff150000 - 0x000007feff25b000 	C:\Windows\system32\MSCTF.dll
0x0000000065ec0000 - 0x0000000065f92000 	C:\Program Files\Android\Android Studio1\jre\jre\bin\msvcr100.dll
0x0000000064f00000 - 0x0000000065746000 	C:\Program Files\Android\Android Studio1\jre\jre\bin\server\jvm.dll
0x000007fefaf10000 - 0x000007fefaf19000 	C:\Windows\system32\WSOCK32.dll
0x000007fefd6d0000 - 0x000007fefd71d000 	C:\Windows\system32\WS2_32.dll
0x000007feff140000 - 0x000007feff148000 	C:\Windows\system32\NSI.dll
0x000007fefaf20000 - 0x000007fefaf5b000 	C:\Windows\system32\WINMM.dll
0x000007fefc2d0000 - 0x000007fefc2dc000 	C:\Windows\system32\VERSION.dll
0x0000000077890000 - 0x0000000077897000 	C:\Windows\system32\PSAPI.DLL
0x000007fefb260000 - 0x000007fefb26f000 	C:\Program Files\Android\Android Studio1\jre\jre\bin\verify.dll
0x000007feefdd0000 - 0x000007feefdf9000 	C:\Program Files\Android\Android Studio1\jre\jre\bin\java.dll
0x000007fefaa10000 - 0x000007fefaa26000 	C:\Program Files\Android\Android Studio1\jre\jre\bin\zip.dll
0x000007fefd8a0000 - 0x000007fefe62b000 	C:\Windows\system32\SHELL32.dll
0x000007fefed90000 - 0x000007fefef8f000 	C:\Windows\system32\ole32.dll
0x000007fefd240000 - 0x000007fefd24f000 	C:\Windows\system32\profapi.dll
0x000007fefaef0000 - 0x000007fefaf0a000 	C:\Program Files\Android\Android Studio1\jre\jre\bin\net.dll
0x000007feff270000 - 0x000007feff3fa000 	C:\Windows\system32\urlmon.dll
0x000007fefd3b0000 - 0x000007fefd3b4000 	C:\Windows\system32\api-ms-win-downlevel-ole32-l1-1-0.dll
0x000007fefd300000 - 0x000007fefd304000 	C:\Windows\system32\api-ms-win-downlevel-shlwapi-l1-1-0.dll
0x000007fefd530000 - 0x000007fefd535000 	C:\Windows\system32\api-ms-win-downlevel-advapi32-l1-1-0.dll
0x000007fefd2b0000 - 0x000007fefd2b4000 	C:\Windows\system32\api-ms-win-downlevel-user32-l1-1-0.dll
0x000007fefd540000 - 0x000007fefd544000 	C:\Windows\system32\api-ms-win-downlevel-version-l1-1-0.dll
0x000007fefd260000 - 0x000007fefd263000 	C:\Windows\system32\api-ms-win-downlevel-normaliz-l1-1-0.dll
0x00000000778a0000 - 0x00000000778a3000 	C:\Windows\system32\normaliz.DLL
0x000007feff400000 - 0x000007feff6cc000 	C:\Windows\system32\iertutil.dll
0x000007fefe8e0000 - 0x000007fefed8c000 	C:\Windows\system32\WININET.dll
0x000007fefd550000 - 0x000007fefd56f000 	C:\Windows\system32\USERENV.dll
0x000007fefc9c0000 - 0x000007fefca15000 	C:\Windows\system32\mswsock.dll
0x000007fefc9b0000 - 0x000007fefc9b7000 	C:\Windows\System32\wship6.dll
0x000007fefa9c0000 - 0x000007fefa9d3000 	C:\Program Files\Android\Android Studio1\jre\jre\bin\nio.dll
0x000007fee8180000 - 0x000007fee81a6000 	C:\Users\bhavik\.gradle\native\30\windows-amd64\native-platform.dll
0x000007fef98f0000 - 0x000007fef98f3000 	C:\Windows\system32\api-ms-win-core-synch-l1-2-0.DLL
0x000007fefa9b0000 - 0x000007fefa9bd000 	C:\Program Files\Android\Android Studio1\jre\jre\bin\management.dll
0x000007fefca20000 - 0x000007fefca38000 	C:\Windows\system32\CRYPTSP.dll
0x000007fefc720000 - 0x000007fefc767000 	C:\Windows\system32\rsaenh.dll
0x000007fefd0e0000 - 0x000007fefd0ef000 	C:\Windows\system32\CRYPTBASE.dll
0x000007fefa890000 - 0x000007fefa8b7000 	C:\Windows\system32\IPHLPAPI.DLL
0x000007fefa880000 - 0x000007fefa88b000 	C:\Windows\system32\WINNSI.DLL
0x000007fefa290000 - 0x000007fefa2a8000 	C:\Windows\system32\dhcpcsvc.DLL
0x000007fefa1c0000 - 0x000007fefa1d1000 	C:\Windows\system32\dhcpcsvc6.DLL
0x000007fefd080000 - 0x000007fefd0d7000 	C:\Windows\system32\apphelp.dll

VM Arguments:
jvm_args: -Xmx1536m -Dfile.encoding=windows-1252 -Duser.country=US -Duser.language=en -Duser.variant 
java_command: org.gradle.launcher.daemon.bootstrap.GradleDaemon 5.6.4
java_class_path (initial): C:\Users\bhavik\.gradle\wrapper\dists\gradle-5.6.4-all\ankdp27end7byghfw1q2sw75f\gradle-5.6.4\lib\gradle-launcher-5.6.4.jar
Launcher Type: SUN_STANDARD

Environment Variables:
CLASSPATH=C:\Users\bhavik\Java\jdk1.8.0_231\bin;C:\Users\bhavik\Java\jre1.8.0_231\bin;.
PATH=C:\Windows\system32;C:\Windows;C:\Windows\System32\Wbem;C:\Windows\System32\WindowsPowerShell\v1.0\;C:\Users\bhavik\Java\jdk1.8.0_231\bin;C:\Users\bhavik\Java\jre1.8.0_231\bin;C:\Users\bhavik\AppData\Local\Programs\Python\Python37\Scripts\;C:\Users\bhavik\AppData\Local\Programs\Python\Python37\;C:\flutter\bin;C:\Users\bhavik\AppData\Local\Programs\Microsoft VS Code\bin;C:\Program Files\JetBrains\PyCharm 2019.3.3\bin;
USERNAME=bhavik
OS=Windows_NT
PROCESSOR_IDENTIFIER=AMD64 Family 20 Model 1 Stepping 0, AuthenticAMD



---------------  S Y S T E M  ---------------

OS: Windows 7 , 64 bit Build 7601 (6.1.7601.24545)

CPU:total 2 (initial active 2) (2 cores per cpu, 1 threads per core) family 20 model 1 stepping 0, cmov, cx8, fxsr, mmx, sse, sse2, sse3, ssse3, popcnt, mmxext, lzcnt, sse4a, tsc, tscinvbit, tscinv

Memory: 4k page, physical 6025212k(291040k free), swap 24098948k(4836k free)

vm_info: OpenJDK 64-Bit Server VM (25.212-b04) for windows-amd64 JRE (1.8.0_212-release-1586-b04), built by "builder" with MS VC++ 10.0 (VS2010)

time: Sat May 16 12:57:05 2020
timezone: India Standard Time
elapsed time: 4508 seconds (0d 1h 15m 8s)

